<?xml version="1.0" encoding="UTF-8"?>
<!-- Generated by org.testng.reporters.JUnitXMLReporter -->
<testsuite ignored="0" hostname="DESKTOP-E6099RF" failures="0" tests="2" name="Default test" time="115.213" errors="0" timestamp="2023-04-18T21:14:10 IST">
  <testcase classname="com.bellesboard.qa.testcases.ForgotPassPageTest" name="forgotPassPage" time="5.723"/>
  <testcase classname="com.bellesboard.qa.testcases.ForgotPassPageTest" name="verifyEmail" time="62.723"/>
</testsuite> <!-- Default test -->
